2022-10-18 14:27:51.625  INFO 48364 --- [main] c.e.kafka_test.KafkaTestApplication      : Starting KafkaTestApplication using Java 1.8.0_322 on LAPTOP-OF-MAEEMS with PID 48364 (D:\学习资料\研究生\暑期项目\项目文件\git拉取\kafka_part\target\classes started by 75186 in D:\学习资料\研究生\暑期项目\项目文件\git拉取\kafka_part)
2022-10-18 14:27:51.625  INFO 48364 --- [main] c.e.kafka_test.KafkaTestApplication      : No active profile set, falling back to 1 default profile: "default"
2022-10-18 14:27:53.018  INFO 48364 --- [main] o.s.b.w.embedded.tomcat.TomcatWebServer  : Tomcat initialized with port(s): 8082 (http)
2022-10-18 14:27:53.033  INFO 48364 --- [main] o.apache.catalina.core.StandardService   : Starting service [Tomcat]
2022-10-18 14:27:53.033  INFO 48364 --- [main] org.apache.catalina.core.StandardEngine  : Starting Servlet engine: [Apache Tomcat/9.0.64]
2022-10-18 14:27:53.158  INFO 48364 --- [main] o.a.c.c.C.[Tomcat].[localhost].[/]       : Initializing Spring embedded WebApplicationContext
2022-10-18 14:27:53.158  INFO 48364 --- [main] w.s.c.ServletWebServerApplicationContext : Root WebApplicationContext: initialization completed in 1470 ms
2022-10-18 14:27:53.236  INFO 48364 --- [Thread-5] o.a.k.clients.consumer.ConsumerConfig    : ConsumerConfig values: 
	allow.auto.create.topics = true
	auto.commit.interval.ms = 5000
	auto.offset.reset = latest
	bootstrap.servers = [47.100.176.192:9092]
	check.crcs = true
	client.dns.lookup = use_all_dns_ips
	client.id = consumer-group-18747-1
	client.rack = 
	connections.max.idle.ms = 540000
	default.api.timeout.ms = 60000
	enable.auto.commit = false
	exclude.internal.topics = true
	fetch.max.bytes = 52428800
	fetch.max.wait.ms = 500
	fetch.min.bytes = 1
	group.id = group-18747
	group.instance.id = null
	heartbeat.interval.ms = 3000
	interceptor.classes = []
	internal.leave.group.on.close = true
	internal.throw.on.fetch.stable.offset.unsupported = false
	isolation.level = read_uncommitted
	key.deserializer = class org.apache.kafka.common.serialization.StringDeserializer
	max.partition.fetch.bytes = 1048576
	max.poll.interval.ms = 300000
	max.poll.records = 500
	metadata.max.age.ms = 300000
	metric.reporters = []
	metrics.num.samples = 2
	metrics.recording.level = INFO
	metrics.sample.window.ms = 30000
	partition.assignment.strategy = [class org.apache.kafka.clients.consumer.RangeAssignor, class org.apache.kafka.clients.consumer.CooperativeStickyAssignor]
	receive.buffer.bytes = 65536
	reconnect.backoff.max.ms = 1000
	reconnect.backoff.ms = 50
	request.timeout.ms = 30000
	retry.backoff.ms = 100
	sasl.client.callback.handler.class = null
	sasl.jaas.config = null
	sasl.kerberos.kinit.cmd = /usr/bin/kinit
	sasl.kerberos.min.time.before.relogin = 60000
	sasl.kerberos.service.name = null
	sasl.kerberos.ticket.renew.jitter = 0.05
	sasl.kerberos.ticket.renew.window.factor = 0.8
	sasl.login.callback.handler.class = null
	sasl.login.class = null
	sasl.login.connect.timeout.ms = null
	sasl.login.read.timeout.ms = null
	sasl.login.refresh.buffer.seconds = 300
	sasl.login.refresh.min.period.seconds = 60
	sasl.login.refresh.window.factor = 0.8
	sasl.login.refresh.window.jitter = 0.05
	sasl.login.retry.backoff.max.ms = 10000
	sasl.login.retry.backoff.ms = 100
	sasl.mechanism = GSSAPI
	sasl.oauthbearer.clock.skew.seconds = 30
	sasl.oauthbearer.expected.audience = null
	sasl.oauthbearer.expected.issuer = null
	sasl.oauthbearer.jwks.endpoint.refresh.ms = 3600000
	sasl.oauthbearer.jwks.endpoint.retry.backoff.max.ms = 10000
	sasl.oauthbearer.jwks.endpoint.retry.backoff.ms = 100
	sasl.oauthbearer.jwks.endpoint.url = null
	sasl.oauthbearer.scope.claim.name = scope
	sasl.oauthbearer.sub.claim.name = sub
	sasl.oauthbearer.token.endpoint.url = null
	security.protocol = PLAINTEXT
	security.providers = null
	send.buffer.bytes = 131072
	session.timeout.ms = 45000
	socket.connection.setup.timeout.max.ms = 30000
	socket.connection.setup.timeout.ms = 10000
	ssl.cipher.suites = null
	ssl.enabled.protocols = [TLSv1.2]
	ssl.endpoint.identification.algorithm = https
	ssl.engine.factory.class = null
	ssl.key.password = null
	ssl.keymanager.algorithm = SunX509
	ssl.keystore.certificate.chain = null
	ssl.keystore.key = null
	ssl.keystore.location = null
	ssl.keystore.password = null
	ssl.keystore.type = JKS
	ssl.protocol = TLSv1.2
	ssl.provider = null
	ssl.secure.random.implementation = null
	ssl.trustmanager.algorithm = PKIX
	ssl.truststore.certificates = null
	ssl.truststore.location = null
	ssl.truststore.password = null
	ssl.truststore.type = JKS
	value.deserializer = class org.apache.kafka.common.serialization.StringDeserializer

2022-10-18 14:27:53.268  INFO 48364 --- [Thread-6] o.a.k.clients.consumer.ConsumerConfig    : ConsumerConfig values: 
	allow.auto.create.topics = true
	auto.commit.interval.ms = 5000
	auto.offset.reset = latest
	bootstrap.servers = [47.100.176.192:9092]
	check.crcs = true
	client.dns.lookup = use_all_dns_ips
	client.id = consumer-group-18747-2
	client.rack = 
	connections.max.idle.ms = 540000
	default.api.timeout.ms = 60000
	enable.auto.commit = false
	exclude.internal.topics = true
	fetch.max.bytes = 52428800
	fetch.max.wait.ms = 500
	fetch.min.bytes = 1
	group.id = group-18747
	group.instance.id = null
	heartbeat.interval.ms = 3000
	interceptor.classes = []
	internal.leave.group.on.close = true
	internal.throw.on.fetch.stable.offset.unsupported = false
	isolation.level = read_uncommitted
	key.deserializer = class org.apache.kafka.common.serialization.StringDeserializer
	max.partition.fetch.bytes = 1048576
	max.poll.interval.ms = 300000
	max.poll.records = 500
	metadata.max.age.ms = 300000
	metric.reporters = []
	metrics.num.samples = 2
	metrics.recording.level = INFO
	metrics.sample.window.ms = 30000
	partition.assignment.strategy = [class org.apache.kafka.clients.consumer.RangeAssignor, class org.apache.kafka.clients.consumer.CooperativeStickyAssignor]
	receive.buffer.bytes = 65536
	reconnect.backoff.max.ms = 1000
	reconnect.backoff.ms = 50
	request.timeout.ms = 30000
	retry.backoff.ms = 100
	sasl.client.callback.handler.class = null
	sasl.jaas.config = null
	sasl.kerberos.kinit.cmd = /usr/bin/kinit
	sasl.kerberos.min.time.before.relogin = 60000
	sasl.kerberos.service.name = null
	sasl.kerberos.ticket.renew.jitter = 0.05
	sasl.kerberos.ticket.renew.window.factor = 0.8
	sasl.login.callback.handler.class = null
	sasl.login.class = null
	sasl.login.connect.timeout.ms = null
	sasl.login.read.timeout.ms = null
	sasl.login.refresh.buffer.seconds = 300
	sasl.login.refresh.min.period.seconds = 60
	sasl.login.refresh.window.factor = 0.8
	sasl.login.refresh.window.jitter = 0.05
	sasl.login.retry.backoff.max.ms = 10000
	sasl.login.retry.backoff.ms = 100
	sasl.mechanism = GSSAPI
	sasl.oauthbearer.clock.skew.seconds = 30
	sasl.oauthbearer.expected.audience = null
	sasl.oauthbearer.expected.issuer = null
	sasl.oauthbearer.jwks.endpoint.refresh.ms = 3600000
	sasl.oauthbearer.jwks.endpoint.retry.backoff.max.ms = 10000
	sasl.oauthbearer.jwks.endpoint.retry.backoff.ms = 100
	sasl.oauthbearer.jwks.endpoint.url = null
	sasl.oauthbearer.scope.claim.name = scope
	sasl.oauthbearer.sub.claim.name = sub
	sasl.oauthbearer.token.endpoint.url = null
	security.protocol = PLAINTEXT
	security.providers = null
	send.buffer.bytes = 131072
	session.timeout.ms = 45000
	socket.connection.setup.timeout.max.ms = 30000
	socket.connection.setup.timeout.ms = 10000
	ssl.cipher.suites = null
	ssl.enabled.protocols = [TLSv1.2]
	ssl.endpoint.identification.algorithm = https
	ssl.engine.factory.class = null
	ssl.key.password = null
	ssl.keymanager.algorithm = SunX509
	ssl.keystore.certificate.chain = null
	ssl.keystore.key = null
	ssl.keystore.location = null
	ssl.keystore.password = null
	ssl.keystore.type = JKS
	ssl.protocol = TLSv1.2
	ssl.provider = null
	ssl.secure.random.implementation = null
	ssl.trustmanager.algorithm = PKIX
	ssl.truststore.certificates = null
	ssl.truststore.location = null
	ssl.truststore.password = null
	ssl.truststore.type = JKS
	value.deserializer = class org.apache.kafka.common.serialization.StringDeserializer

2022-10-18 14:27:53.346  INFO 48364 --- [Thread-5] o.a.kafka.common.utils.AppInfoParser     : Kafka version: 3.1.1
2022-10-18 14:27:53.346  INFO 48364 --- [Thread-5] o.a.kafka.common.utils.AppInfoParser     : Kafka commitId: 97671528ba54a138
2022-10-18 14:27:53.346  INFO 48364 --- [Thread-5] o.a.kafka.common.utils.AppInfoParser     : Kafka startTimeMs: 1666074473330
2022-10-18 14:27:53.346  INFO 48364 --- [Thread-6] o.a.kafka.common.utils.AppInfoParser     : Kafka version: 3.1.1
2022-10-18 14:27:53.346  INFO 48364 --- [Thread-6] o.a.kafka.common.utils.AppInfoParser     : Kafka commitId: 97671528ba54a138
2022-10-18 14:27:53.346  INFO 48364 --- [Thread-6] o.a.kafka.common.utils.AppInfoParser     : Kafka startTimeMs: 1666074473330
2022-10-18 14:27:53.346  INFO 48364 --- [Thread-5] o.a.k.clients.consumer.KafkaConsumer     : [Consumer clientId=consumer-group-18747-1, groupId=group-18747] Subscribed to topic(s): traininfo_base
2022-10-18 14:27:53.346  INFO 48364 --- [Thread-6] o.a.k.clients.consumer.KafkaConsumer     : [Consumer clientId=consumer-group-18747-2, groupId=group-18747] Subscribed to topic(s): traininfo_hvac
2022-10-18 14:27:53.862  INFO 48364 --- [Thread-6] org.apache.kafka.clients.Metadata        : [Consumer clientId=consumer-group-18747-2, groupId=group-18747] Resetting the last seen epoch of partition traininfo_hvac-0 to 0 since the associated topicId changed from null to 1-BpiFy8S7mpTngMnQGp2g
2022-10-18 14:27:53.862  INFO 48364 --- [Thread-5] org.apache.kafka.clients.Metadata        : [Consumer clientId=consumer-group-18747-1, groupId=group-18747] Resetting the last seen epoch of partition traininfo_base-0 to 0 since the associated topicId changed from null to dllpK2mGSg2bnqyKM6_uUQ
2022-10-18 14:27:53.862  INFO 48364 --- [Thread-5] org.apache.kafka.clients.Metadata        : [Consumer clientId=consumer-group-18747-1, groupId=group-18747] Cluster ID: E33U8hifTnuZHMyfssaWeQ
2022-10-18 14:27:53.862  INFO 48364 --- [Thread-6] org.apache.kafka.clients.Metadata        : [Consumer clientId=consumer-group-18747-2, groupId=group-18747] Cluster ID: E33U8hifTnuZHMyfssaWeQ
2022-10-18 14:27:53.862  INFO 48364 --- [Thread-5] o.a.k.c.c.internals.ConsumerCoordinator  : [Consumer clientId=consumer-group-18747-1, groupId=group-18747] Discovered group coordinator 47.100.176.192:9092 (id: 2147483647 rack: null)
2022-10-18 14:27:53.862  INFO 48364 --- [Thread-6] o.a.k.c.c.internals.ConsumerCoordinator  : [Consumer clientId=consumer-group-18747-2, groupId=group-18747] Discovered group coordinator 47.100.176.192:9092 (id: 2147483647 rack: null)
2022-10-18 14:27:53.862  INFO 48364 --- [Thread-5] o.a.k.c.c.internals.ConsumerCoordinator  : [Consumer clientId=consumer-group-18747-1, groupId=group-18747] (Re-)joining group
2022-10-18 14:27:53.862  INFO 48364 --- [Thread-6] o.a.k.c.c.internals.ConsumerCoordinator  : [Consumer clientId=consumer-group-18747-2, groupId=group-18747] (Re-)joining group
2022-10-18 14:27:53.909  INFO 48364 --- [Thread-6] o.a.k.c.c.internals.ConsumerCoordinator  : [Consumer clientId=consumer-group-18747-2, groupId=group-18747] Request joining group due to: need to re-join with the given member-id
2022-10-18 14:27:53.909  INFO 48364 --- [Thread-5] o.a.k.c.c.internals.ConsumerCoordinator  : [Consumer clientId=consumer-group-18747-1, groupId=group-18747] Request joining group due to: need to re-join with the given member-id
2022-10-18 14:27:53.909  INFO 48364 --- [Thread-6] o.a.k.c.c.internals.ConsumerCoordinator  : [Consumer clientId=consumer-group-18747-2, groupId=group-18747] (Re-)joining group
2022-10-18 14:27:53.909  INFO 48364 --- [Thread-5] o.a.k.c.c.internals.ConsumerCoordinator  : [Consumer clientId=consumer-group-18747-1, groupId=group-18747] (Re-)joining group
2022-10-18 14:27:53.924  INFO 48364 --- [Thread-5] o.a.k.c.c.internals.ConsumerCoordinator  : [Consumer clientId=consumer-group-18747-1, groupId=group-18747] Successfully joined group with generation Generation{generationId=1, memberId='consumer-group-18747-1-ee275b84-d612-4ecc-9d18-3219b968fd01', protocol='range'}
2022-10-18 14:27:53.924  INFO 48364 --- [Thread-6] o.a.k.c.c.internals.ConsumerCoordinator  : [Consumer clientId=consumer-group-18747-2, groupId=group-18747] Successfully joined group with generation Generation{generationId=1, memberId='consumer-group-18747-2-293c7497-bf17-49fb-ae15-be77d5849694', protocol='range'}
2022-10-18 14:27:53.956  INFO 48364 --- [Thread-6] org.apache.kafka.clients.Metadata        : [Consumer clientId=consumer-group-18747-2, groupId=group-18747] Resetting the last seen epoch of partition traininfo_base-0 to 0 since the associated topicId changed from null to dllpK2mGSg2bnqyKM6_uUQ
2022-10-18 14:27:53.971  INFO 48364 --- [Thread-6] o.a.k.c.c.internals.ConsumerCoordinator  : [Consumer clientId=consumer-group-18747-2, groupId=group-18747] Finished assignment for group at generation 1: {consumer-group-18747-2-293c7497-bf17-49fb-ae15-be77d5849694=Assignment(partitions=[traininfo_hvac-0]), consumer-group-18747-1-ee275b84-d612-4ecc-9d18-3219b968fd01=Assignment(partitions=[traininfo_base-0])}
2022-10-18 14:27:53.987  INFO 48364 --- [Thread-5] o.a.k.c.c.internals.ConsumerCoordinator  : [Consumer clientId=consumer-group-18747-1, groupId=group-18747] Successfully synced group in generation Generation{generationId=1, memberId='consumer-group-18747-1-ee275b84-d612-4ecc-9d18-3219b968fd01', protocol='range'}
2022-10-18 14:27:53.987  INFO 48364 --- [Thread-6] o.a.k.c.c.internals.ConsumerCoordinator  : [Consumer clientId=consumer-group-18747-2, groupId=group-18747] Successfully synced group in generation Generation{generationId=1, memberId='consumer-group-18747-2-293c7497-bf17-49fb-ae15-be77d5849694', protocol='range'}
2022-10-18 14:27:53.987  INFO 48364 --- [Thread-6] o.a.k.c.c.internals.ConsumerCoordinator  : [Consumer clientId=consumer-group-18747-2, groupId=group-18747] Notifying assignor about the new Assignment(partitions=[traininfo_hvac-0])
2022-10-18 14:27:53.987  INFO 48364 --- [Thread-5] o.a.k.c.c.internals.ConsumerCoordinator  : [Consumer clientId=consumer-group-18747-1, groupId=group-18747] Notifying assignor about the new Assignment(partitions=[traininfo_base-0])
2022-10-18 14:27:53.987  INFO 48364 --- [Thread-6] o.a.k.c.c.internals.ConsumerCoordinator  : [Consumer clientId=consumer-group-18747-2, groupId=group-18747] Adding newly assigned partitions: traininfo_hvac-0
2022-10-18 14:27:53.987  INFO 48364 --- [Thread-5] o.a.k.c.c.internals.ConsumerCoordinator  : [Consumer clientId=consumer-group-18747-1, groupId=group-18747] Adding newly assigned partitions: traininfo_base-0
2022-10-18 14:27:54.018  INFO 48364 --- [Thread-5] o.a.k.c.c.internals.ConsumerCoordinator  : [Consumer clientId=consumer-group-18747-1, groupId=group-18747] Found no committed offset for partition traininfo_base-0
2022-10-18 14:27:54.018  INFO 48364 --- [Thread-6] o.a.k.c.c.internals.ConsumerCoordinator  : [Consumer clientId=consumer-group-18747-2, groupId=group-18747] Found no committed offset for partition traininfo_hvac-0
2022-10-18 14:27:54.034  INFO 48364 --- [Thread-6] o.a.k.c.c.internals.SubscriptionState    : [Consumer clientId=consumer-group-18747-2, groupId=group-18747] Resetting offset for partition traininfo_hvac-0 to position FetchPosition{offset=9020616, offsetEpoch=Optional.empty, currentLeader=LeaderAndEpoch{leader=Optional[47.100.176.192:9092 (id: 0 rack: null)], epoch=0}}.
2022-10-18 14:27:54.065  INFO 48364 --- [Thread-5] o.a.k.c.c.internals.SubscriptionState    : [Consumer clientId=consumer-group-18747-1, groupId=group-18747] Resetting offset for partition traininfo_base-0 to position FetchPosition{offset=10618820, offsetEpoch=Optional.empty, currentLeader=LeaderAndEpoch{leader=Optional[47.100.176.192:9092 (id: 0 rack: null)], epoch=0}}.
2022-10-18 14:28:03.762  INFO 48364 --- [Thread-7] o.a.k.clients.consumer.ConsumerConfig    : ConsumerConfig values: 
	allow.auto.create.topics = true
	auto.commit.interval.ms = 5000
	auto.offset.reset = latest
	bootstrap.servers = [47.100.176.192:9092]
	check.crcs = true
	client.dns.lookup = use_all_dns_ips
	client.id = consumer-group-18747-3
	client.rack = 
	connections.max.idle.ms = 540000
	default.api.timeout.ms = 60000
	enable.auto.commit = false
	exclude.internal.topics = true
	fetch.max.bytes = 52428800
	fetch.max.wait.ms = 500
	fetch.min.bytes = 1
	group.id = group-18747
	group.instance.id = null
	heartbeat.interval.ms = 3000
	interceptor.classes = []
	internal.leave.group.on.close = true
	internal.throw.on.fetch.stable.offset.unsupported = false
	isolation.level = read_uncommitted
	key.deserializer = class org.apache.kafka.common.serialization.StringDeserializer
	max.partition.fetch.bytes = 1048576
	max.poll.interval.ms = 300000
	max.poll.records = 500
	metadata.max.age.ms = 300000
	metric.reporters = []
	metrics.num.samples = 2
	metrics.recording.level = INFO
	metrics.sample.window.ms = 30000
	partition.assignment.strategy = [class org.apache.kafka.clients.consumer.RangeAssignor, class org.apache.kafka.clients.consumer.CooperativeStickyAssignor]
	receive.buffer.bytes = 65536
	reconnect.backoff.max.ms = 1000
	reconnect.backoff.ms = 50
	request.timeout.ms = 30000
	retry.backoff.ms = 100
	sasl.client.callback.handler.class = null
	sasl.jaas.config = null
	sasl.kerberos.kinit.cmd = /usr/bin/kinit
	sasl.kerberos.min.time.before.relogin = 60000
	sasl.kerberos.service.name = null
	sasl.kerberos.ticket.renew.jitter = 0.05
	sasl.kerberos.ticket.renew.window.factor = 0.8
	sasl.login.callback.handler.class = null
	sasl.login.class = null
	sasl.login.connect.timeout.ms = null
	sasl.login.read.timeout.ms = null
	sasl.login.refresh.buffer.seconds = 300
	sasl.login.refresh.min.period.seconds = 60
	sasl.login.refresh.window.factor = 0.8
	sasl.login.refresh.window.jitter = 0.05
	sasl.login.retry.backoff.max.ms = 10000
	sasl.login.retry.backoff.ms = 100
	sasl.mechanism = GSSAPI
	sasl.oauthbearer.clock.skew.seconds = 30
	sasl.oauthbearer.expected.audience = null
	sasl.oauthbearer.expected.issuer = null
	sasl.oauthbearer.jwks.endpoint.refresh.ms = 3600000
	sasl.oauthbearer.jwks.endpoint.retry.backoff.max.ms = 10000
	sasl.oauthbearer.jwks.endpoint.retry.backoff.ms = 100
	sasl.oauthbearer.jwks.endpoint.url = null
	sasl.oauthbearer.scope.claim.name = scope
	sasl.oauthbearer.sub.claim.name = sub
	sasl.oauthbearer.token.endpoint.url = null
	security.protocol = PLAINTEXT
	security.providers = null
	send.buffer.bytes = 131072
	session.timeout.ms = 45000
	socket.connection.setup.timeout.max.ms = 30000
	socket.connection.setup.timeout.ms = 10000
	ssl.cipher.suites = null
	ssl.enabled.protocols = [TLSv1.2]
	ssl.endpoint.identification.algorithm = https
	ssl.engine.factory.class = null
	ssl.key.password = null
	ssl.keymanager.algorithm = SunX509
	ssl.keystore.certificate.chain = null
	ssl.keystore.key = null
	ssl.keystore.location = null
	ssl.keystore.password = null
	ssl.keystore.type = JKS
	ssl.protocol = TLSv1.2
	ssl.provider = null
	ssl.secure.random.implementation = null
	ssl.trustmanager.algorithm = PKIX
	ssl.truststore.certificates = null
	ssl.truststore.location = null
	ssl.truststore.password = null
	ssl.truststore.type = JKS
	value.deserializer = class org.apache.kafka.common.serialization.StringDeserializer

2022-10-18 14:28:03.762  INFO 48364 --- [Thread-7] o.a.kafka.common.utils.AppInfoParser     : Kafka version: 3.1.1
2022-10-18 14:28:03.762  INFO 48364 --- [Thread-7] o.a.kafka.common.utils.AppInfoParser     : Kafka commitId: 97671528ba54a138
2022-10-18 14:28:03.762  INFO 48364 --- [Thread-7] o.a.kafka.common.utils.AppInfoParser     : Kafka startTimeMs: 1666074483762
2022-10-18 14:28:03.762  INFO 48364 --- [Thread-7] o.a.k.clients.consumer.KafkaConsumer     : [Consumer clientId=consumer-group-18747-3, groupId=group-18747] Subscribed to topic(s): traincard
2022-10-18 14:28:03.794  INFO 48364 --- [Thread-7] org.apache.kafka.clients.Metadata        : [Consumer clientId=consumer-group-18747-3, groupId=group-18747] Resetting the last seen epoch of partition traincard-0 to 0 since the associated topicId changed from null to VfTIiVOBTVmyr_H6xF3apQ
2022-10-18 14:28:03.809  INFO 48364 --- [Thread-7] org.apache.kafka.clients.Metadata        : [Consumer clientId=consumer-group-18747-3, groupId=group-18747] Cluster ID: E33U8hifTnuZHMyfssaWeQ
2022-10-18 14:28:03.809  INFO 48364 --- [Thread-7] o.a.k.c.c.internals.ConsumerCoordinator  : [Consumer clientId=consumer-group-18747-3, groupId=group-18747] Discovered group coordinator 47.100.176.192:9092 (id: 2147483647 rack: null)
2022-10-18 14:28:03.809  INFO 48364 --- [Thread-7] o.a.k.c.c.internals.ConsumerCoordinator  : [Consumer clientId=consumer-group-18747-3, groupId=group-18747] (Re-)joining group
2022-10-18 14:28:03.841  INFO 48364 --- [Thread-7] o.a.k.c.c.internals.ConsumerCoordinator  : [Consumer clientId=consumer-group-18747-3, groupId=group-18747] Request joining group due to: need to re-join with the given member-id
2022-10-18 14:28:03.841  INFO 48364 --- [Thread-7] o.a.k.c.c.internals.ConsumerCoordinator  : [Consumer clientId=consumer-group-18747-3, groupId=group-18747] (Re-)joining group
2022-10-18 14:28:03.841  INFO 48364 --- [Thread-27] o.a.k.clients.consumer.ConsumerConfig    : ConsumerConfig values: 
	allow.auto.create.topics = true
	auto.commit.interval.ms = 5000
	auto.offset.reset = latest
	bootstrap.servers = [47.100.176.192:9092]
	check.crcs = true
	client.dns.lookup = use_all_dns_ips
	client.id = consumer-group-18747-4
	client.rack = 
	connections.max.idle.ms = 540000
	default.api.timeout.ms = 60000
	enable.auto.commit = false
	exclude.internal.topics = true
	fetch.max.bytes = 52428800
	fetch.max.wait.ms = 500
	fetch.min.bytes = 1
	group.id = group-18747
	group.instance.id = null
	heartbeat.interval.ms = 3000
	interceptor.classes = []
	internal.leave.group.on.close = true
	internal.throw.on.fetch.stable.offset.unsupported = false
	isolation.level = read_uncommitted
	key.deserializer = class org.apache.kafka.common.serialization.StringDeserializer
	max.partition.fetch.bytes = 1048576
	max.poll.interval.ms = 300000
	max.poll.records = 500
	metadata.max.age.ms = 300000
	metric.reporters = []
	metrics.num.samples = 2
	metrics.recording.level = INFO
	metrics.sample.window.ms = 30000
	partition.assignment.strategy = [class org.apache.kafka.clients.consumer.RangeAssignor, class org.apache.kafka.clients.consumer.CooperativeStickyAssignor]
	receive.buffer.bytes = 65536
	reconnect.backoff.max.ms = 1000
	reconnect.backoff.ms = 50
	request.timeout.ms = 30000
	retry.backoff.ms = 100
	sasl.client.callback.handler.class = null
	sasl.jaas.config = null
	sasl.kerberos.kinit.cmd = /usr/bin/kinit
	sasl.kerberos.min.time.before.relogin = 60000
	sasl.kerberos.service.name = null
	sasl.kerberos.ticket.renew.jitter = 0.05
	sasl.kerberos.ticket.renew.window.factor = 0.8
	sasl.login.callback.handler.class = null
	sasl.login.class = null
	sasl.login.connect.timeout.ms = null
	sasl.login.read.timeout.ms = null
	sasl.login.refresh.buffer.seconds = 300
	sasl.login.refresh.min.period.seconds = 60
	sasl.login.refresh.window.factor = 0.8
	sasl.login.refresh.window.jitter = 0.05
	sasl.login.retry.backoff.max.ms = 10000
	sasl.login.retry.backoff.ms = 100
	sasl.mechanism = GSSAPI
	sasl.oauthbearer.clock.skew.seconds = 30
	sasl.oauthbearer.expected.audience = null
	sasl.oauthbearer.expected.issuer = null
	sasl.oauthbearer.jwks.endpoint.refresh.ms = 3600000
	sasl.oauthbearer.jwks.endpoint.retry.backoff.max.ms = 10000
	sasl.oauthbearer.jwks.endpoint.retry.backoff.ms = 100
	sasl.oauthbearer.jwks.endpoint.url = null
	sasl.oauthbearer.scope.claim.name = scope
	sasl.oauthbearer.sub.claim.name = sub
	sasl.oauthbearer.token.endpoint.url = null
	security.protocol = PLAINTEXT
	security.providers = null
	send.buffer.bytes = 131072
	session.timeout.ms = 45000
	socket.connection.setup.timeout.max.ms = 30000
	socket.connection.setup.timeout.ms = 10000
	ssl.cipher.suites = null
	ssl.enabled.protocols = [TLSv1.2]
	ssl.endpoint.identification.algorithm = https
	ssl.engine.factory.class = null
	ssl.key.password = null
	ssl.keymanager.algorithm = SunX509
	ssl.keystore.certificate.chain = null
	ssl.keystore.key = null
	ssl.keystore.location = null
	ssl.keystore.password = null
	ssl.keystore.type = JKS
	ssl.protocol = TLSv1.2
	ssl.provider = null
	ssl.secure.random.implementation = null
	ssl.trustmanager.algorithm = PKIX
	ssl.truststore.certificates = null
	ssl.truststore.location = null
	ssl.truststore.password = null
	ssl.truststore.type = JKS
	value.deserializer = class org.apache.kafka.common.serialization.StringDeserializer

2022-10-18 14:28:03.841  INFO 48364 --- [Thread-28] o.a.k.clients.consumer.ConsumerConfig    : ConsumerConfig values: 
	allow.auto.create.topics = true
	auto.commit.interval.ms = 5000
	auto.offset.reset = latest
	bootstrap.servers = [47.100.176.192:9092]
	check.crcs = true
	client.dns.lookup = use_all_dns_ips
	client.id = consumer-group-18747-5
	client.rack = 
	connections.max.idle.ms = 540000
	default.api.timeout.ms = 60000
	enable.auto.commit = false
	exclude.internal.topics = true
	fetch.max.bytes = 52428800
	fetch.max.wait.ms = 500
	fetch.min.bytes = 1
	group.id = group-18747
	group.instance.id = null
	heartbeat.interval.ms = 3000
	interceptor.classes = []
	internal.leave.group.on.close = true
	internal.throw.on.fetch.stable.offset.unsupported = false
	isolation.level = read_uncommitted
	key.deserializer = class org.apache.kafka.common.serialization.StringDeserializer
	max.partition.fetch.bytes = 1048576
	max.poll.interval.ms = 300000
	max.poll.records = 500
	metadata.max.age.ms = 300000
	metric.reporters = []
	metrics.num.samples = 2
	metrics.recording.level = INFO
	metrics.sample.window.ms = 30000
	partition.assignment.strategy = [class org.apache.kafka.clients.consumer.RangeAssignor, class org.apache.kafka.clients.consumer.CooperativeStickyAssignor]
	receive.buffer.bytes = 65536
	reconnect.backoff.max.ms = 1000
	reconnect.backoff.ms = 50
	request.timeout.ms = 30000
	retry.backoff.ms = 100
	sasl.client.callback.handler.class = null
	sasl.jaas.config = null
	sasl.kerberos.kinit.cmd = /usr/bin/kinit
	sasl.kerberos.min.time.before.relogin = 60000
	sasl.kerberos.service.name = null
	sasl.kerberos.ticket.renew.jitter = 0.05
	sasl.kerberos.ticket.renew.window.factor = 0.8
	sasl.login.callback.handler.class = null
	sasl.login.class = null
	sasl.login.connect.timeout.ms = null
	sasl.login.read.timeout.ms = null
	sasl.login.refresh.buffer.seconds = 300
	sasl.login.refresh.min.period.seconds = 60
	sasl.login.refresh.window.factor = 0.8
	sasl.login.refresh.window.jitter = 0.05
	sasl.login.retry.backoff.max.ms = 10000
	sasl.login.retry.backoff.ms = 100
	sasl.mechanism = GSSAPI
	sasl.oauthbearer.clock.skew.seconds = 30
	sasl.oauthbearer.expected.audience = null
	sasl.oauthbearer.expected.issuer = null
	sasl.oauthbearer.jwks.endpoint.refresh.ms = 3600000
	sasl.oauthbearer.jwks.endpoint.retry.backoff.max.ms = 10000
	sasl.oauthbearer.jwks.endpoint.retry.backoff.ms = 100
	sasl.oauthbearer.jwks.endpoint.url = null
	sasl.oauthbearer.scope.claim.name = scope
	sasl.oauthbearer.sub.claim.name = sub
	sasl.oauthbearer.token.endpoint.url = null
	security.protocol = PLAINTEXT
	security.providers = null
	send.buffer.bytes = 131072
	session.timeout.ms = 45000
	socket.connection.setup.timeout.max.ms = 30000
	socket.connection.setup.timeout.ms = 10000
	ssl.cipher.suites = null
	ssl.enabled.protocols = [TLSv1.2]
	ssl.endpoint.identification.algorithm = https
	ssl.engine.factory.class = null
	ssl.key.password = null
	ssl.keymanager.algorithm = SunX509
	ssl.keystore.certificate.chain = null
	ssl.keystore.key = null
	ssl.keystore.location = null
	ssl.keystore.password = null
	ssl.keystore.type = JKS
	ssl.protocol = TLSv1.2
	ssl.provider = null
	ssl.secure.random.implementation = null
	ssl.trustmanager.algorithm = PKIX
	ssl.truststore.certificates = null
	ssl.truststore.location = null
	ssl.truststore.password = null
	ssl.truststore.type = JKS
	value.deserializer = class org.apache.kafka.common.serialization.StringDeserializer

2022-10-18 14:28:03.841  INFO 48364 --- [Thread-27] o.a.kafka.common.utils.AppInfoParser     : Kafka version: 3.1.1
2022-10-18 14:28:03.841  INFO 48364 --- [Thread-27] o.a.kafka.common.utils.AppInfoParser     : Kafka commitId: 97671528ba54a138
2022-10-18 14:28:03.841  INFO 48364 --- [Thread-27] o.a.kafka.common.utils.AppInfoParser     : Kafka startTimeMs: 1666074483841
2022-10-18 14:28:03.841  INFO 48364 --- [Thread-27] o.a.k.clients.consumer.KafkaConsumer     : [Consumer clientId=consumer-group-18747-4, groupId=group-18747] Subscribed to topic(s): fault
2022-10-18 14:28:03.841  INFO 48364 --- [Thread-28] o.a.kafka.common.utils.AppInfoParser     : Kafka version: 3.1.1
2022-10-18 14:28:03.841  INFO 48364 --- [Thread-28] o.a.kafka.common.utils.AppInfoParser     : Kafka commitId: 97671528ba54a138
2022-10-18 14:28:03.841  INFO 48364 --- [Thread-28] o.a.kafka.common.utils.AppInfoParser     : Kafka startTimeMs: 1666074483841
2022-10-18 14:28:03.841  INFO 48364 --- [Thread-28] o.a.k.clients.consumer.KafkaConsumer     : [Consumer clientId=consumer-group-18747-5, groupId=group-18747] Subscribed to topic(s): traininfo_door
2022-10-18 14:28:03.841  INFO 48364 --- [Thread-30] o.a.k.clients.consumer.ConsumerConfig    : ConsumerConfig values: 
	allow.auto.create.topics = true
	auto.commit.interval.ms = 5000
	auto.offset.reset = latest
	bootstrap.servers = [47.100.176.192:9092]
	check.crcs = true
	client.dns.lookup = use_all_dns_ips
	client.id = consumer-group-18747-6
	client.rack = 
	connections.max.idle.ms = 540000
	default.api.timeout.ms = 60000
	enable.auto.commit = false
	exclude.internal.topics = true
	fetch.max.bytes = 52428800
	fetch.max.wait.ms = 500
	fetch.min.bytes = 1
	group.id = group-18747
	group.instance.id = null
	heartbeat.interval.ms = 3000
	interceptor.classes = []
	internal.leave.group.on.close = true
	internal.throw.on.fetch.stable.offset.unsupported = false
	isolation.level = read_uncommitted
	key.deserializer = class org.apache.kafka.common.serialization.StringDeserializer
	max.partition.fetch.bytes = 1048576
	max.poll.interval.ms = 300000
	max.poll.records = 500
	metadata.max.age.ms = 300000
	metric.reporters = []
	metrics.num.samples = 2
	metrics.recording.level = INFO
	metrics.sample.window.ms = 30000
	partition.assignment.strategy = [class org.apache.kafka.clients.consumer.RangeAssignor, class org.apache.kafka.clients.consumer.CooperativeStickyAssignor]
	receive.buffer.bytes = 65536
	reconnect.backoff.max.ms = 1000
	reconnect.backoff.ms = 50
	request.timeout.ms = 30000
	retry.backoff.ms = 100
	sasl.client.callback.handler.class = null
	sasl.jaas.config = null
	sasl.kerberos.kinit.cmd = /usr/bin/kinit
	sasl.kerberos.min.time.before.relogin = 60000
	sasl.kerberos.service.name = null
	sasl.kerberos.ticket.renew.jitter = 0.05
	sasl.kerberos.ticket.renew.window.factor = 0.8
	sasl.login.callback.handler.class = null
	sasl.login.class = null
	sasl.login.connect.timeout.ms = null
	sasl.login.read.timeout.ms = null
	sasl.login.refresh.buffer.seconds = 300
	sasl.login.refresh.min.period.seconds = 60
	sasl.login.refresh.window.factor = 0.8
	sasl.login.refresh.window.jitter = 0.05
	sasl.login.retry.backoff.max.ms = 10000
	sasl.login.retry.backoff.ms = 100
	sasl.mechanism = GSSAPI
	sasl.oauthbearer.clock.skew.seconds = 30
	sasl.oauthbearer.expected.audience = null
	sasl.oauthbearer.expected.issuer = null
	sasl.oauthbearer.jwks.endpoint.refresh.ms = 3600000
	sasl.oauthbearer.jwks.endpoint.retry.backoff.max.ms = 10000
	sasl.oauthbearer.jwks.endpoint.retry.backoff.ms = 100
	sasl.oauthbearer.jwks.endpoint.url = null
	sasl.oauthbearer.scope.claim.name = scope
	sasl.oauthbearer.sub.claim.name = sub
	sasl.oauthbearer.token.endpoint.url = null
	security.protocol = PLAINTEXT
	security.providers = null
	send.buffer.bytes = 131072
	session.timeout.ms = 45000
	socket.connection.setup.timeout.max.ms = 30000
	socket.connection.setup.timeout.ms = 10000
	ssl.cipher.suites = null
	ssl.enabled.protocols = [TLSv1.2]
	ssl.endpoint.identification.algorithm = https
	ssl.engine.factory.class = null
	ssl.key.password = null
	ssl.keymanager.algorithm = SunX509
	ssl.keystore.certificate.chain = null
	ssl.keystore.key = null
	ssl.keystore.location = null
	ssl.keystore.password = null
	ssl.keystore.type = JKS
	ssl.protocol = TLSv1.2
	ssl.provider = null
	ssl.secure.random.implementation = null
	ssl.trustmanager.algorithm = PKIX
	ssl.truststore.certificates = null
	ssl.truststore.location = null
	ssl.truststore.password = null
	ssl.truststore.type = JKS
	value.deserializer = class org.apache.kafka.common.serialization.StringDeserializer

2022-10-18 14:28:03.841  INFO 48364 --- [Thread-30] o.a.kafka.common.utils.AppInfoParser     : Kafka version: 3.1.1
2022-10-18 14:28:03.841  INFO 48364 --- [Thread-30] o.a.kafka.common.utils.AppInfoParser     : Kafka commitId: 97671528ba54a138
2022-10-18 14:28:03.841  INFO 48364 --- [Thread-30] o.a.kafka.common.utils.AppInfoParser     : Kafka startTimeMs: 1666074483841
2022-10-18 14:28:03.841  INFO 48364 --- [Thread-30] o.a.k.clients.consumer.KafkaConsumer     : [Consumer clientId=consumer-group-18747-6, groupId=group-18747] Subscribed to topic(s): traininfo_pis
2022-10-18 14:28:03.887  INFO 48364 --- [Thread-27] org.apache.kafka.clients.Metadata        : [Consumer clientId=consumer-group-18747-4, groupId=group-18747] Resetting the last seen epoch of partition fault-0 to 0 since the associated topicId changed from null to gUipvz4CSEyvFrTK719BHw
2022-10-18 14:28:03.887  INFO 48364 --- [Thread-28] org.apache.kafka.clients.Metadata        : [Consumer clientId=consumer-group-18747-5, groupId=group-18747] Resetting the last seen epoch of partition traininfo_door-0 to 0 since the associated topicId changed from null to pX39m4_mRii6AC6I_Cnw7Q
2022-10-18 14:28:03.887  INFO 48364 --- [Thread-27] org.apache.kafka.clients.Metadata        : [Consumer clientId=consumer-group-18747-4, groupId=group-18747] Cluster ID: E33U8hifTnuZHMyfssaWeQ
2022-10-18 14:28:03.887  INFO 48364 --- [Thread-28] org.apache.kafka.clients.Metadata        : [Consumer clientId=consumer-group-18747-5, groupId=group-18747] Cluster ID: E33U8hifTnuZHMyfssaWeQ
2022-10-18 14:28:03.887  INFO 48364 --- [Thread-27] o.a.k.c.c.internals.ConsumerCoordinator  : [Consumer clientId=consumer-group-18747-4, groupId=group-18747] Discovered group coordinator 47.100.176.192:9092 (id: 2147483647 rack: null)
2022-10-18 14:28:03.887  INFO 48364 --- [Thread-28] o.a.k.c.c.internals.ConsumerCoordinator  : [Consumer clientId=consumer-group-18747-5, groupId=group-18747] Discovered group coordinator 47.100.176.192:9092 (id: 2147483647 rack: null)
2022-10-18 14:28:03.887  INFO 48364 --- [Thread-27] o.a.k.c.c.internals.ConsumerCoordinator  : [Consumer clientId=consumer-group-18747-4, groupId=group-18747] (Re-)joining group
2022-10-18 14:28:03.887  INFO 48364 --- [Thread-28] o.a.k.c.c.internals.ConsumerCoordinator  : [Consumer clientId=consumer-group-18747-5, groupId=group-18747] (Re-)joining group
2022-10-18 14:28:03.887  INFO 48364 --- [Thread-30] org.apache.kafka.clients.Metadata        : [Consumer clientId=consumer-group-18747-6, groupId=group-18747] Resetting the last seen epoch of partition traininfo_pis-0 to 0 since the associated topicId changed from null to 2THx0QYuThKl3I_B1gGDqA
2022-10-18 14:28:03.903  INFO 48364 --- [Thread-30] org.apache.kafka.clients.Metadata        : [Consumer clientId=consumer-group-18747-6, groupId=group-18747] Cluster ID: E33U8hifTnuZHMyfssaWeQ
2022-10-18 14:28:03.903  INFO 48364 --- [Thread-30] o.a.k.c.c.internals.ConsumerCoordinator  : [Consumer clientId=consumer-group-18747-6, groupId=group-18747] Discovered group coordinator 47.100.176.192:9092 (id: 2147483647 rack: null)
2022-10-18 14:28:03.903  INFO 48364 --- [Thread-30] o.a.k.c.c.internals.ConsumerCoordinator  : [Consumer clientId=consumer-group-18747-6, groupId=group-18747] (Re-)joining group
2022-10-18 14:28:03.919  INFO 48364 --- [Thread-27] o.a.k.c.c.internals.ConsumerCoordinator  : [Consumer clientId=consumer-group-18747-4, groupId=group-18747] Request joining group due to: need to re-join with the given member-id
2022-10-18 14:28:03.919  INFO 48364 --- [Thread-28] o.a.k.c.c.internals.ConsumerCoordinator  : [Consumer clientId=consumer-group-18747-5, groupId=group-18747] Request joining group due to: need to re-join with the given member-id
2022-10-18 14:28:03.919  INFO 48364 --- [Thread-27] o.a.k.c.c.internals.ConsumerCoordinator  : [Consumer clientId=consumer-group-18747-4, groupId=group-18747] (Re-)joining group
2022-10-18 14:28:03.919  INFO 48364 --- [Thread-28] o.a.k.c.c.internals.ConsumerCoordinator  : [Consumer clientId=consumer-group-18747-5, groupId=group-18747] (Re-)joining group
2022-10-18 14:28:03.934  INFO 48364 --- [Thread-30] o.a.k.c.c.internals.ConsumerCoordinator  : [Consumer clientId=consumer-group-18747-6, groupId=group-18747] Request joining group due to: need to re-join with the given member-id
2022-10-18 14:28:03.934  INFO 48364 --- [Thread-30] o.a.k.c.c.internals.ConsumerCoordinator  : [Consumer clientId=consumer-group-18747-6, groupId=group-18747] (Re-)joining group
2022-10-18 14:28:04.092  INFO 48364 --- [Thread-32] o.a.k.clients.consumer.ConsumerConfig    : ConsumerConfig values: 
	allow.auto.create.topics = true
	auto.commit.interval.ms = 5000
	auto.offset.reset = latest
	bootstrap.servers = [47.100.176.192:9092]
	check.crcs = true
	client.dns.lookup = use_all_dns_ips
	client.id = consumer-group-18747-7
	client.rack = 
	connections.max.idle.ms = 540000
	default.api.timeout.ms = 60000
	enable.auto.commit = false
	exclude.internal.topics = true
	fetch.max.bytes = 52428800
	fetch.max.wait.ms = 500
	fetch.min.bytes = 1
	group.id = group-18747
	group.instance.id = null
	heartbeat.interval.ms = 3000
	interceptor.classes = []
	internal.leave.group.on.close = true
	internal.throw.on.fetch.stable.offset.unsupported = false
	isolation.level = read_uncommitted
	key.deserializer = class org.apache.kafka.common.serialization.StringDeserializer
	max.partition.fetch.bytes = 1048576
	max.poll.interval.ms = 300000
	max.poll.records = 500
	metadata.max.age.ms = 300000
	metric.reporters = []
	metrics.num.samples = 2
	metrics.recording.level = INFO
	metrics.sample.window.ms = 30000
	partition.assignment.strategy = [class org.apache.kafka.clients.consumer.RangeAssignor, class org.apache.kafka.clients.consumer.CooperativeStickyAssignor]
	receive.buffer.bytes = 65536
	reconnect.backoff.max.ms = 1000
	reconnect.backoff.ms = 50
	request.timeout.ms = 30000
	retry.backoff.ms = 100
	sasl.client.callback.handler.class = null
	sasl.jaas.config = null
	sasl.kerberos.kinit.cmd = /usr/bin/kinit
	sasl.kerberos.min.time.before.relogin = 60000
	sasl.kerberos.service.name = null
	sasl.kerberos.ticket.renew.jitter = 0.05
	sasl.kerberos.ticket.renew.window.factor = 0.8
	sasl.login.callback.handler.class = null
	sasl.login.class = null
	sasl.login.connect.timeout.ms = null
	sasl.login.read.timeout.ms = null
	sasl.login.refresh.buffer.seconds = 300
	sasl.login.refresh.min.period.seconds = 60
	sasl.login.refresh.window.factor = 0.8
	sasl.login.refresh.window.jitter = 0.05
	sasl.login.retry.backoff.max.ms = 10000
	sasl.login.retry.backoff.ms = 100
	sasl.mechanism = GSSAPI
	sasl.oauthbearer.clock.skew.seconds = 30
	sasl.oauthbearer.expected.audience = null
	sasl.oauthbearer.expected.issuer = null
	sasl.oauthbearer.jwks.endpoint.refresh.ms = 3600000
	sasl.oauthbearer.jwks.endpoint.retry.backoff.max.ms = 10000
	sasl.oauthbearer.jwks.endpoint.retry.backoff.ms = 100
	sasl.oauthbearer.jwks.endpoint.url = null
	sasl.oauthbearer.scope.claim.name = scope
	sasl.oauthbearer.sub.claim.name = sub
	sasl.oauthbearer.token.endpoint.url = null
	security.protocol = PLAINTEXT
	security.providers = null
	send.buffer.bytes = 131072
	session.timeout.ms = 45000
	socket.connection.setup.timeout.max.ms = 30000
	socket.connection.setup.timeout.ms = 10000
	ssl.cipher.suites = null
	ssl.enabled.protocols = [TLSv1.2]
	ssl.endpoint.identification.algorithm = https
	ssl.engine.factory.class = null
	ssl.key.password = null
	ssl.keymanager.algorithm = SunX509
	ssl.keystore.certificate.chain = null
	ssl.keystore.key = null
	ssl.keystore.location = null
	ssl.keystore.password = null
	ssl.keystore.type = JKS
	ssl.protocol = TLSv1.2
	ssl.provider = null
	ssl.secure.random.implementation = null
	ssl.trustmanager.algorithm = PKIX
	ssl.truststore.certificates = null
	ssl.truststore.location = null
	ssl.truststore.password = null
	ssl.truststore.type = JKS
	value.deserializer = class org.apache.kafka.common.serialization.StringDeserializer

2022-10-18 14:28:04.092  INFO 48364 --- [Thread-32] o.a.kafka.common.utils.AppInfoParser     : Kafka version: 3.1.1
2022-10-18 14:28:04.092  INFO 48364 --- [Thread-32] o.a.kafka.common.utils.AppInfoParser     : Kafka commitId: 97671528ba54a138
2022-10-18 14:28:04.092  INFO 48364 --- [Thread-32] o.a.kafka.common.utils.AppInfoParser     : Kafka startTimeMs: 1666074484092
2022-10-18 14:28:04.092  INFO 48364 --- [Thread-32] o.a.k.clients.consumer.KafkaConsumer     : [Consumer clientId=consumer-group-18747-7, groupId=group-18747] Subscribed to topic(s): ddu
2022-10-18 14:28:04.139  INFO 48364 --- [Thread-32] org.apache.kafka.clients.Metadata        : [Consumer clientId=consumer-group-18747-7, groupId=group-18747] Resetting the last seen epoch of partition ddu-0 to 0 since the associated topicId changed from null to YbiVIhdlQKGIa9cdZEnbcA
2022-10-18 14:28:04.139  INFO 48364 --- [Thread-32] org.apache.kafka.clients.Metadata        : [Consumer clientId=consumer-group-18747-7, groupId=group-18747] Resetting the last seen epoch of partition ddu-1 to 0 since the associated topicId changed from null to YbiVIhdlQKGIa9cdZEnbcA
2022-10-18 14:28:04.139  INFO 48364 --- [Thread-32] org.apache.kafka.clients.Metadata        : [Consumer clientId=consumer-group-18747-7, groupId=group-18747] Resetting the last seen epoch of partition ddu-2 to 0 since the associated topicId changed from null to YbiVIhdlQKGIa9cdZEnbcA
2022-10-18 14:28:04.139  INFO 48364 --- [Thread-32] org.apache.kafka.clients.Metadata        : [Consumer clientId=consumer-group-18747-7, groupId=group-18747] Cluster ID: E33U8hifTnuZHMyfssaWeQ
2022-10-18 14:28:04.139  INFO 48364 --- [Thread-32] o.a.k.c.c.internals.ConsumerCoordinator  : [Consumer clientId=consumer-group-18747-7, groupId=group-18747] Discovered group coordinator 47.100.176.192:9092 (id: 2147483647 rack: null)
2022-10-18 14:28:04.139  INFO 48364 --- [Thread-32] o.a.k.c.c.internals.ConsumerCoordinator  : [Consumer clientId=consumer-group-18747-7, groupId=group-18747] (Re-)joining group
2022-10-18 14:28:04.170  INFO 48364 --- [Thread-32] o.a.k.c.c.internals.ConsumerCoordinator  : [Consumer clientId=consumer-group-18747-7, groupId=group-18747] Request joining group due to: need to re-join with the given member-id
2022-10-18 14:28:04.170  INFO 48364 --- [Thread-32] o.a.k.c.c.internals.ConsumerCoordinator  : [Consumer clientId=consumer-group-18747-7, groupId=group-18747] (Re-)joining group
2022-10-18 14:28:04.514  INFO 48364 --- [main] pertySourcedRequestMappingHandlerMapping : Mapped URL path [/v2/api-docs] onto method [springfox.documentation.swagger2.web.Swagger2Controller#getDocumentation(String, HttpServletRequest)]
2022-10-18 14:28:04.781  INFO 48364 --- [main] o.s.b.w.embedded.tomcat.TomcatWebServer  : Tomcat started on port(s): 8082 (http) with context path ''
2022-10-18 14:28:04.796  INFO 48364 --- [main] d.s.w.p.DocumentationPluginsBootstrapper : Context refreshed
2022-10-18 14:28:04.812  INFO 48364 --- [main] d.s.w.p.DocumentationPluginsBootstrapper : Found 1 custom documentation plugin(s)
2022-10-18 14:28:04.843  INFO 48364 --- [main] s.d.s.w.s.ApiListingReferenceScanner     : Scanning for api listing references
2022-10-18 14:28:05.031  INFO 48364 --- [main] c.e.kafka_test.KafkaTestApplication      : Started KafkaTestApplication in 14.012 seconds (JVM running for 15.486)
2022-10-18 14:28:05.954  INFO 48364 --- [Thread-6] o.a.k.c.c.internals.ConsumerCoordinator  : [Consumer clientId=consumer-group-18747-2, groupId=group-18747] Request joining group due to: group is already rebalancing
2022-10-18 14:28:05.954  INFO 48364 --- [Thread-5] o.a.k.c.c.internals.ConsumerCoordinator  : [Consumer clientId=consumer-group-18747-1, groupId=group-18747] Request joining group due to: group is already rebalancing
2022-10-18 14:28:05.954  INFO 48364 --- [Thread-6] o.a.k.c.c.internals.ConsumerCoordinator  : [Consumer clientId=consumer-group-18747-2, groupId=group-18747] Revoke previously assigned partitions traininfo_hvac-0
2022-10-18 14:28:05.954  INFO 48364 --- [Thread-5] o.a.k.c.c.internals.ConsumerCoordinator  : [Consumer clientId=consumer-group-18747-1, groupId=group-18747] Revoke previously assigned partitions traininfo_base-0
2022-10-18 14:28:05.954  INFO 48364 --- [Thread-6] o.a.k.c.c.internals.ConsumerCoordinator  : [Consumer clientId=consumer-group-18747-2, groupId=group-18747] (Re-)joining group
2022-10-18 14:28:05.954  INFO 48364 --- [Thread-5] o.a.k.c.c.internals.ConsumerCoordinator  : [Consumer clientId=consumer-group-18747-1, groupId=group-18747] (Re-)joining group
2022-10-18 14:28:05.985  INFO 48364 --- [Thread-5] o.a.k.c.c.internals.ConsumerCoordinator  : [Consumer clientId=consumer-group-18747-1, groupId=group-18747] Successfully joined group with generation Generation{generationId=2, memberId='consumer-group-18747-1-ee275b84-d612-4ecc-9d18-3219b968fd01', protocol='range'}
2022-10-18 14:28:05.985  INFO 48364 --- [Thread-27] o.a.k.c.c.internals.ConsumerCoordinator  : [Consumer clientId=consumer-group-18747-4, groupId=group-18747] Successfully joined group with generation Generation{generationId=2, memberId='consumer-group-18747-4-e4d6bea2-e889-4142-a066-55b7798046cb', protocol='range'}
2022-10-18 14:28:05.985  INFO 48364 --- [Thread-28] o.a.k.c.c.internals.ConsumerCoordinator  : [Consumer clientId=consumer-group-18747-5, groupId=group-18747] Successfully joined group with generation Generation{generationId=2, memberId='consumer-group-18747-5-e155183d-7741-4c15-a8fc-d408ac314954', protocol='range'}
2022-10-18 14:28:05.985  INFO 48364 --- [Thread-7] o.a.k.c.c.internals.ConsumerCoordinator  : [Consumer clientId=consumer-group-18747-3, groupId=group-18747] Successfully joined group with generation Generation{generationId=2, memberId='consumer-group-18747-3-fe823a3b-0f5f-41bc-8f02-559e03bfc1d9', protocol='range'}
2022-10-18 14:28:05.985  INFO 48364 --- [Thread-30] o.a.k.c.c.internals.ConsumerCoordinator  : [Consumer clientId=consumer-group-18747-6, groupId=group-18747] Successfully joined group with generation Generation{generationId=2, memberId='consumer-group-18747-6-9c5f589d-49b3-43ad-9cc2-dc4f7530c563', protocol='range'}
2022-10-18 14:28:05.985  INFO 48364 --- [Thread-32] o.a.k.c.c.internals.ConsumerCoordinator  : [Consumer clientId=consumer-group-18747-7, groupId=group-18747] Successfully joined group with generation Generation{generationId=2, memberId='consumer-group-18747-7-7b89b1d3-855b-41e4-929a-ab7fdca72e63', protocol='range'}
2022-10-18 14:28:05.985  INFO 48364 --- [Thread-6] o.a.k.c.c.internals.ConsumerCoordinator  : [Consumer clientId=consumer-group-18747-2, groupId=group-18747] Successfully joined group with generation Generation{generationId=2, memberId='consumer-group-18747-2-293c7497-bf17-49fb-ae15-be77d5849694', protocol='range'}
2022-10-18 14:28:06.422  INFO 48364 --- [Thread-6] org.apache.kafka.clients.Metadata        : [Consumer clientId=consumer-group-18747-2, groupId=group-18747] Resetting the last seen epoch of partition traininfo_door-0 to 0 since the associated topicId changed from null to pX39m4_mRii6AC6I_Cnw7Q
2022-10-18 14:28:06.422  INFO 48364 --- [Thread-6] org.apache.kafka.clients.Metadata        : [Consumer clientId=consumer-group-18747-2, groupId=group-18747] Resetting the last seen epoch of partition ddu-0 to 0 since the associated topicId changed from null to YbiVIhdlQKGIa9cdZEnbcA
2022-10-18 14:28:06.422  INFO 48364 --- [Thread-6] org.apache.kafka.clients.Metadata        : [Consumer clientId=consumer-group-18747-2, groupId=group-18747] Resetting the last seen epoch of partition ddu-1 to 0 since the associated topicId changed from null to YbiVIhdlQKGIa9cdZEnbcA
2022-10-18 14:28:06.422  INFO 48364 --- [Thread-6] org.apache.kafka.clients.Metadata        : [Consumer clientId=consumer-group-18747-2, groupId=group-18747] Resetting the last seen epoch of partition ddu-2 to 0 since the associated topicId changed from null to YbiVIhdlQKGIa9cdZEnbcA
2022-10-18 14:28:06.422  INFO 48364 --- [Thread-6] org.apache.kafka.clients.Metadata        : [Consumer clientId=consumer-group-18747-2, groupId=group-18747] Resetting the last seen epoch of partition fault-0 to 0 since the associated topicId changed from null to gUipvz4CSEyvFrTK719BHw
2022-10-18 14:28:06.422  INFO 48364 --- [Thread-6] org.apache.kafka.clients.Metadata        : [Consumer clientId=consumer-group-18747-2, groupId=group-18747] Resetting the last seen epoch of partition traininfo_pis-0 to 0 since the associated topicId changed from null to 2THx0QYuThKl3I_B1gGDqA
2022-10-18 14:28:06.422  INFO 48364 --- [Thread-6] org.apache.kafka.clients.Metadata        : [Consumer clientId=consumer-group-18747-2, groupId=group-18747] Resetting the last seen epoch of partition traincard-0 to 0 since the associated topicId changed from null to VfTIiVOBTVmyr_H6xF3apQ
2022-10-18 14:28:06.422  INFO 48364 --- [Thread-6] o.a.k.c.c.internals.ConsumerCoordinator  : [Consumer clientId=consumer-group-18747-2, groupId=group-18747] Finished assignment for group at generation 2: {consumer-group-18747-3-fe823a3b-0f5f-41bc-8f02-559e03bfc1d9=Assignment(partitions=[traincard-0]), consumer-group-18747-5-e155183d-7741-4c15-a8fc-d408ac314954=Assignment(partitions=[traininfo_door-0]), consumer-group-18747-2-293c7497-bf17-49fb-ae15-be77d5849694=Assignment(partitions=[traininfo_hvac-0]), consumer-group-18747-7-7b89b1d3-855b-41e4-929a-ab7fdca72e63=Assignment(partitions=[ddu-0, ddu-1, ddu-2]), consumer-group-18747-4-e4d6bea2-e889-4142-a066-55b7798046cb=Assignment(partitions=[fault-0]), consumer-group-18747-1-ee275b84-d612-4ecc-9d18-3219b968fd01=Assignment(partitions=[traininfo_base-0]), consumer-group-18747-6-9c5f589d-49b3-43ad-9cc2-dc4f7530c563=Assignment(partitions=[traininfo_pis-0])}
2022-10-18 14:28:06.438  INFO 48364 --- [Thread-5] o.a.k.c.c.internals.ConsumerCoordinator  : [Consumer clientId=consumer-group-18747-1, groupId=group-18747] Successfully synced group in generation Generation{generationId=2, memberId='consumer-group-18747-1-ee275b84-d612-4ecc-9d18-3219b968fd01', protocol='range'}
2022-10-18 14:28:06.438  INFO 48364 --- [Thread-5] o.a.k.c.c.internals.ConsumerCoordinator  : [Consumer clientId=consumer-group-18747-1, groupId=group-18747] Notifying assignor about the new Assignment(partitions=[traininfo_base-0])
2022-10-18 14:28:06.438  INFO 48364 --- [Thread-5] o.a.k.c.c.internals.ConsumerCoordinator  : [Consumer clientId=consumer-group-18747-1, groupId=group-18747] Adding newly assigned partitions: traininfo_base-0
2022-10-18 14:28:06.438  INFO 48364 --- [Thread-30] o.a.k.c.c.internals.ConsumerCoordinator  : [Consumer clientId=consumer-group-18747-6, groupId=group-18747] Successfully synced group in generation Generation{generationId=2, memberId='consumer-group-18747-6-9c5f589d-49b3-43ad-9cc2-dc4f7530c563', protocol='range'}
2022-10-18 14:28:06.438  INFO 48364 --- [Thread-28] o.a.k.c.c.internals.ConsumerCoordinator  : [Consumer clientId=consumer-group-18747-5, groupId=group-18747] Successfully synced group in generation Generation{generationId=2, memberId='consumer-group-18747-5-e155183d-7741-4c15-a8fc-d408ac314954', protocol='range'}
2022-10-18 14:28:06.438  INFO 48364 --- [Thread-32] o.a.k.c.c.internals.ConsumerCoordinator  : [Consumer clientId=consumer-group-18747-7, groupId=group-18747] Successfully synced group in generation Generation{generationId=2, memberId='consumer-group-18747-7-7b89b1d3-855b-41e4-929a-ab7fdca72e63', protocol='range'}
2022-10-18 14:28:06.438  INFO 48364 --- [Thread-6] o.a.k.c.c.internals.ConsumerCoordinator  : [Consumer clientId=consumer-group-18747-2, groupId=group-18747] Successfully synced group in generation Generation{generationId=2, memberId='consumer-group-18747-2-293c7497-bf17-49fb-ae15-be77d5849694', protocol='range'}
2022-10-18 14:28:06.438  INFO 48364 --- [Thread-7] o.a.k.c.c.internals.ConsumerCoordinator  : [Consumer clientId=consumer-group-18747-3, groupId=group-18747] Successfully synced group in generation Generation{generationId=2, memberId='consumer-group-18747-3-fe823a3b-0f5f-41bc-8f02-559e03bfc1d9', protocol='range'}
2022-10-18 14:28:06.438  INFO 48364 --- [Thread-27] o.a.k.c.c.internals.ConsumerCoordinator  : [Consumer clientId=consumer-group-18747-4, groupId=group-18747] Successfully synced group in generation Generation{generationId=2, memberId='consumer-group-18747-4-e4d6bea2-e889-4142-a066-55b7798046cb', protocol='range'}
2022-10-18 14:28:06.438  INFO 48364 --- [Thread-28] o.a.k.c.c.internals.ConsumerCoordinator  : [Consumer clientId=consumer-group-18747-5, groupId=group-18747] Notifying assignor about the new Assignment(partitions=[traininfo_door-0])
2022-10-18 14:28:06.438  INFO 48364 --- [Thread-6] o.a.k.c.c.internals.ConsumerCoordinator  : [Consumer clientId=consumer-group-18747-2, groupId=group-18747] Notifying assignor about the new Assignment(partitions=[traininfo_hvac-0])
2022-10-18 14:28:06.438  INFO 48364 --- [Thread-32] o.a.k.c.c.internals.ConsumerCoordinator  : [Consumer clientId=consumer-group-18747-7, groupId=group-18747] Notifying assignor about the new Assignment(partitions=[ddu-0, ddu-1, ddu-2])
2022-10-18 14:28:06.438  INFO 48364 --- [Thread-30] o.a.k.c.c.internals.ConsumerCoordinator  : [Consumer clientId=consumer-group-18747-6, groupId=group-18747] Notifying assignor about the new Assignment(partitions=[traininfo_pis-0])
2022-10-18 14:28:06.438  INFO 48364 --- [Thread-7] o.a.k.c.c.internals.ConsumerCoordinator  : [Consumer clientId=consumer-group-18747-3, groupId=group-18747] Notifying assignor about the new Assignment(partitions=[traincard-0])
2022-10-18 14:28:06.438  INFO 48364 --- [Thread-28] o.a.k.c.c.internals.ConsumerCoordinator  : [Consumer clientId=consumer-group-18747-5, groupId=group-18747] Adding newly assigned partitions: traininfo_door-0
2022-10-18 14:28:06.438  INFO 48364 --- [Thread-6] o.a.k.c.c.internals.ConsumerCoordinator  : [Consumer clientId=consumer-group-18747-2, groupId=group-18747] Adding newly assigned partitions: traininfo_hvac-0
2022-10-18 14:28:06.438  INFO 48364 --- [Thread-32] o.a.k.c.c.internals.ConsumerCoordinator  : [Consumer clientId=consumer-group-18747-7, groupId=group-18747] Adding newly assigned partitions: ddu-1, ddu-2, ddu-0
2022-10-18 14:28:06.438  INFO 48364 --- [Thread-27] o.a.k.c.c.internals.ConsumerCoordinator  : [Consumer clientId=consumer-group-18747-4, groupId=group-18747] Notifying assignor about the new Assignment(partitions=[fault-0])
2022-10-18 14:28:06.438  INFO 48364 --- [Thread-30] o.a.k.c.c.internals.ConsumerCoordinator  : [Consumer clientId=consumer-group-18747-6, groupId=group-18747] Adding newly assigned partitions: traininfo_pis-0
2022-10-18 14:28:06.438  INFO 48364 --- [Thread-7] o.a.k.c.c.internals.ConsumerCoordinator  : [Consumer clientId=consumer-group-18747-3, groupId=group-18747] Adding newly assigned partitions: traincard-0
2022-10-18 14:28:06.438  INFO 48364 --- [Thread-27] o.a.k.c.c.internals.ConsumerCoordinator  : [Consumer clientId=consumer-group-18747-4, groupId=group-18747] Adding newly assigned partitions: fault-0
2022-10-18 14:28:06.438  INFO 48364 --- [Thread-5] o.a.k.c.c.internals.ConsumerCoordinator  : [Consumer clientId=consumer-group-18747-1, groupId=group-18747] Found no committed offset for partition traininfo_base-0
2022-10-18 14:28:06.438  INFO 48364 --- [Thread-7] o.a.k.c.c.internals.ConsumerCoordinator  : [Consumer clientId=consumer-group-18747-3, groupId=group-18747] Found no committed offset for partition traincard-0
2022-10-18 14:28:06.438  INFO 48364 --- [Thread-30] o.a.k.c.c.internals.ConsumerCoordinator  : [Consumer clientId=consumer-group-18747-6, groupId=group-18747] Found no committed offset for partition traininfo_pis-0
2022-10-18 14:28:06.438  INFO 48364 --- [Thread-27] o.a.k.c.c.internals.ConsumerCoordinator  : [Consumer clientId=consumer-group-18747-4, groupId=group-18747] Found no committed offset for partition fault-0
2022-10-18 14:28:06.438  INFO 48364 --- [Thread-32] o.a.k.c.c.internals.ConsumerCoordinator  : [Consumer clientId=consumer-group-18747-7, groupId=group-18747] Found no committed offset for partition ddu-1
2022-10-18 14:28:06.438  INFO 48364 --- [Thread-28] o.a.k.c.c.internals.ConsumerCoordinator  : [Consumer clientId=consumer-group-18747-5, groupId=group-18747] Found no committed offset for partition traininfo_door-0
2022-10-18 14:28:06.438  INFO 48364 --- [Thread-6] o.a.k.c.c.internals.ConsumerCoordinator  : [Consumer clientId=consumer-group-18747-2, groupId=group-18747] Found no committed offset for partition traininfo_hvac-0
2022-10-18 14:28:06.438  INFO 48364 --- [Thread-32] o.a.k.c.c.internals.ConsumerCoordinator  : [Consumer clientId=consumer-group-18747-7, groupId=group-18747] Found no committed offset for partition ddu-2
2022-10-18 14:28:06.438  INFO 48364 --- [Thread-32] o.a.k.c.c.internals.ConsumerCoordinator  : [Consumer clientId=consumer-group-18747-7, groupId=group-18747] Found no committed offset for partition ddu-0
2022-10-18 14:28:06.454  INFO 48364 --- [Thread-6] o.a.k.c.c.internals.SubscriptionState    : [Consumer clientId=consumer-group-18747-2, groupId=group-18747] Resetting offset for partition traininfo_hvac-0 to position FetchPosition{offset=9020620, offsetEpoch=Optional.empty, currentLeader=LeaderAndEpoch{leader=Optional[47.100.176.192:9092 (id: 0 rack: null)], epoch=0}}.
2022-10-18 14:28:06.579  INFO 48364 --- [Thread-5] o.a.k.c.c.internals.SubscriptionState    : [Consumer clientId=consumer-group-18747-1, groupId=group-18747] Resetting offset for partition traininfo_base-0 to position FetchPosition{offset=10618835, offsetEpoch=Optional.empty, currentLeader=LeaderAndEpoch{leader=Optional[47.100.176.192:9092 (id: 0 rack: null)], epoch=0}}.
2022-10-18 14:28:06.594  INFO 48364 --- [Thread-30] o.a.k.c.c.internals.SubscriptionState    : [Consumer clientId=consumer-group-18747-6, groupId=group-18747] Resetting offset for partition traininfo_pis-0 to position FetchPosition{offset=9087829, offsetEpoch=Optional.empty, currentLeader=LeaderAndEpoch{leader=Optional[47.100.176.192:9092 (id: 0 rack: null)], epoch=0}}.
2022-10-18 14:28:06.594  INFO 48364 --- [Thread-28] o.a.k.c.c.internals.SubscriptionState    : [Consumer clientId=consumer-group-18747-5, groupId=group-18747] Resetting offset for partition traininfo_door-0 to position FetchPosition{offset=9087950, offsetEpoch=Optional.empty, currentLeader=LeaderAndEpoch{leader=Optional[47.100.176.192:9092 (id: 0 rack: null)], epoch=0}}.
2022-10-18 14:28:06.594  INFO 48364 --- [Thread-7] o.a.k.c.c.internals.SubscriptionState    : [Consumer clientId=consumer-group-18747-3, groupId=group-18747] Resetting offset for partition traincard-0 to position FetchPosition{offset=10823379, offsetEpoch=Optional.empty, currentLeader=LeaderAndEpoch{leader=Optional[47.100.176.192:9092 (id: 0 rack: null)], epoch=0}}.
2022-10-18 14:28:06.594  INFO 48364 --- [Thread-32] o.a.k.c.c.internals.SubscriptionState    : [Consumer clientId=consumer-group-18747-7, groupId=group-18747] Resetting offset for partition ddu-1 to position FetchPosition{offset=3605602, offsetEpoch=Optional.empty, currentLeader=LeaderAndEpoch{leader=Optional[47.100.176.192:9092 (id: 0 rack: null)], epoch=0}}.
2022-10-18 14:28:06.594  INFO 48364 --- [Thread-27] o.a.k.c.c.internals.SubscriptionState    : [Consumer clientId=consumer-group-18747-4, groupId=group-18747] Resetting offset for partition fault-0 to position FetchPosition{offset=8153136, offsetEpoch=Optional.empty, currentLeader=LeaderAndEpoch{leader=Optional[47.100.176.192:9092 (id: 0 rack: null)], epoch=0}}.
2022-10-18 14:28:06.594  INFO 48364 --- [Thread-32] o.a.k.c.c.internals.SubscriptionState    : [Consumer clientId=consumer-group-18747-7, groupId=group-18747] Resetting offset for partition ddu-2 to position FetchPosition{offset=3824730, offsetEpoch=Optional.empty, currentLeader=LeaderAndEpoch{leader=Optional[47.100.176.192:9092 (id: 0 rack: null)], epoch=0}}.
2022-10-18 14:28:06.594  INFO 48364 --- [Thread-32] o.a.k.c.c.internals.SubscriptionState    : [Consumer clientId=consumer-group-18747-7, groupId=group-18747] Resetting offset for partition ddu-0 to position FetchPosition{offset=4140716, offsetEpoch=Optional.empty, currentLeader=LeaderAndEpoch{leader=Optional[47.100.176.192:9092 (id: 0 rack: null)], epoch=0}}.
